COMM_Phase1 

COMM_Phase2 

COMM_Phase_init1 

COMM_Phase_init2 

board1_online 

board2_online 

board3_online 

board4_online 

delta_a_set 

delta_f_set 

script_run 

testV_1 

testV_2 

testV_3 

v_set 

HANtuneOverride 

simulation_time
script_run_s
Board_ID_s
SI_FreeHeap
SI_FreeStack
local_ticks_interrupt
SI_CPUload
LedValue
tmr1_s
tmr2_s
tmr3_s
tmr4_s
Master_ID_ing_s
Role_ID_ing_s
sync_bc1_miss_counter_ing
sync_bc0_miss_counter_ing
msg_count_DEBUG_ing_s
Desync_Sync_bc1_ing_s
v_set_s
Desync_Sync_bc0_ing_s
Master_ID_s
Role_ID_s
sync_bc0_miss_counter_s
sync_bc1_miss_counter_s
votes_Board_1_DEBUG
votes_Board_2_DEBUG
votes_Board_3_DEBUG
Board_1_error_counter_s
Board_2_error_counter_s
Board_3_error_counter_s
msg_count_DEBUG_s
error_flag_s
Desync_Sync_bc1_s
b2_s
b1_s
b3_s
b4_s
Desync_Sync_bc0_s
TM1_timeout_counter_s
TM2_timeout_counter_s
TM3_timeout_counter_s
voting_out_s
Rx_init_LT
test2_s
test1_s
test3_s
Vote_s
Rx_init_id
Rx_init_mc
Rx_init_bc
bacic_cycle_s
BC1_sync_processed_ing_s
BC0_sync_processed_ing_s
reset_ing_s
BC1_sync_processed_s
BC0_sync_processed_s
BC0_vote1_processed_s
BC0_vote2_processed_s
BC0_vote3_processed_s
new_sensor_rx_s
new_set_rx_s
reset_s
Tx_temporal_msg_CAN2
TxCAN2_counter_s
TxID_CAN2_s
Rx_temporal_msg_CAN2
RxCAN2_counter_s
RxID_CAN2_s
Rx_msg_ticks_CAN2
Rx_temporal_msg_CAN1
RxCAN1_counter_s
RxID_CAN1_s
Rx_msg_ticks_CAN1
Tx_temporal_msg_CAN1
TxCAN1_counter_s
TxID_CAN1_s
