   1              		.syntax unified
   2              		.cpu cortex-m4
   3              		.eabi_attribute 27, 1
   4              		.fpu fpv4-sp-d16
   5              		.eabi_attribute 20, 1
   6              		.eabi_attribute 21, 1
   7              		.eabi_attribute 23, 3
   8              		.eabi_attribute 24, 1
   9              		.eabi_attribute 25, 1
  10              		.eabi_attribute 26, 1
  11              		.eabi_attribute 30, 2
  12              		.eabi_attribute 34, 1
  13              		.eabi_attribute 18, 4
  14              		.thumb
  15              		.syntax unified
  16              		.file	"HANcoder_E407_TTA_Group2_data.c"
  17              		.text
  18              	.Ltext0:
  19              		.cfi_sections	.debug_frame
  20              		.global	rtConstP
  21              		.global	rtConstB
  22              		.section	.rodata.rtConstP,"a",%progbits
  23              		.align	3
  26              	rtConstP:
  27 0000 00000000 		.word	0
  28 0004 00000000 		.word	0
  29 0008 00000000 		.word	0
  30 000c 00004940 		.word	1078525952
  31 0010 00000000 		.word	0
  32 0014 00805140 		.word	1079083008
  33 0018 00000000 		.word	0
  34 001c 00005240 		.word	1079115776
  35 0020 00000000 		.word	0
  36 0024 00805640 		.word	1079410688
  37 0028 00000000 		.word	0
  38 002c 00005740 		.word	1079443456
  39 0030 00000000 		.word	0
  40 0034 00805B40 		.word	1079738368
  41 0038 00000000 		.word	0
  42 003c 00006440 		.word	1080295424
  43 0040 00000000 		.word	0
  44 0044 00806640 		.word	1080459264
  45 0048 00000000 		.word	0
  46 004c 00006940 		.word	1080623104
  47 0050 00000000 		.word	0
  48 0054 00406F40 		.word	1081032704
  49 0058 00000000 		.word	0
  50 005c 00806F40 		.word	1081049088
  51 0060 00000000 		.word	0
  52 0064 00E07040 		.word	1081139200
  53 0068 00000000 		.word	0
  54 006c 00207240 		.word	1081221120
  55 0070 00000000 		.word	0
  56 0074 00407540 		.word	1081425920
  57 0078 00000000 		.word	0
  58 007c 00807640 		.word	1081507840
  59 0080 00000000 		.word	0
  60 0084 00C07740 		.word	1081589760
  61 0088 00000000 		.word	0
  62 008c 00E07A40 		.word	1081794560
  63 0090 00000000 		.word	0
  64 0094 00207C40 		.word	1081876480
  65 0098 00000000 		.word	0
  66 009c 00607D40 		.word	1081958400
  67 00a0 00000000 		.word	0
  68 00a4 00A07E40 		.word	1082040320
  69 00a8 00000000 		.word	0
  70 00ac 00E07F40 		.word	1082122240
  71 00b0 00000000 		.word	0
  72 00b4 00908040 		.word	1082167296
  73 00b8 00000000 		.word	0
  74 00bc 00000000 		.word	0
  75 00c0 00000000 		.word	0
  76 00c4 00004940 		.word	1078525952
  77 00c8 00000000 		.word	0
  78 00cc 00805140 		.word	1079083008
  79 00d0 00000000 		.word	0
  80 00d4 00005240 		.word	1079115776
  81 00d8 00000000 		.word	0
  82 00dc 00805640 		.word	1079410688
  83 00e0 00000000 		.word	0
  84 00e4 00806140 		.word	1080131584
  85 00e8 00000000 		.word	0
  86 00ec 00C06140 		.word	1080147968
  87 00f0 00000000 		.word	0
  88 00f4 00006440 		.word	1080295424
  89 00f8 00000000 		.word	0
  90 00fc 00406A40 		.word	1080705024
  91 0100 00000000 		.word	0
  92 0104 00806A40 		.word	1080721408
  93 0108 00000000 		.word	0
  94 010c 00C06C40 		.word	1080868864
  95 0110 00000000 		.word	0
  96 0114 00406F40 		.word	1081032704
  97 0118 00000000 		.word	0
  98 011c 00E07040 		.word	1081139200
  99 0120 00000000 		.word	0
 100 0124 00007440 		.word	1081344000
 101 0128 00000000 		.word	0
 102 012c 00207440 		.word	1081352192
 103 0130 00000000 		.word	0
 104 0134 00407540 		.word	1081425920
 105 0138 00000000 		.word	0
 106 013c 00807640 		.word	1081507840
 107 0140 00000000 		.word	0
 108 0144 00A07940 		.word	1081712640
 109 0148 00000000 		.word	0
 110 014c 00E07A40 		.word	1081794560
 111 0150 00000000 		.word	0
 112 0154 00F07A40 		.word	1081798656
 113 0158 00000000 		.word	0
 114 015c 00107B40 		.word	1081806848
 115 0160 00000000 		.word	0
 116 0164 00207C40 		.word	1081876480
 117 0168 00000000 		.word	0
 118 016c 00407F40 		.word	1082081280
 119 0170 00000000 		.word	0
 120 0174 00607F40 		.word	1082089472
 121 0178 00000000 		.word	0
 122 017c 00408040 		.word	1082146816
 123 0180 00000000 		.word	0
 124 0184 00D08140 		.word	1082249216
 125 0188 00000000 		.word	0
 126 018c 00E08140 		.word	1082253312
 127 0190 00000000 		.word	0
 128 0194 00708240 		.word	1082290176
 129 0198 00000000 		.word	0
 130 019c 00808240 		.word	1082294272
 131 01a0 00000000 		.word	0
 132 01a4 00000000 		.word	0
 133 01a8 00000000 		.word	0
 134 01ac 0000F03F 		.word	1072693248
 135 01b0 00000000 		.word	0
 136 01b4 0000F03F 		.word	1072693248
 137 01b8 00000000 		.word	0
 138 01bc 0000F03F 		.word	1072693248
 139 01c0 00000000 		.word	0
 140 01c4 0000F03F 		.word	1072693248
 141 01c8 00000000 		.word	0
 142 01cc 0000F03F 		.word	1072693248
 143 01d0 00000000 		.word	0
 144 01d4 00000000 		.word	0
 145 01d8 00000000 		.word	0
 146 01dc 0000F03F 		.word	1072693248
 147 01e0 00000000 		.word	0
 148 01e4 0000F03F 		.word	1072693248
 149 01e8 00000000 		.word	0
 150 01ec 00000000 		.word	0
 151 01f0 00000000 		.word	0
 152 01f4 0000F03F 		.word	1072693248
 153 01f8 00000000 		.word	0
 154 01fc 0000F03F 		.word	1072693248
 155 0200 00000000 		.word	0
 156 0204 0000F03F 		.word	1072693248
 157 0208 00000000 		.word	0
 158 020c 00000000 		.word	0
 159 0210 00000000 		.word	0
 160 0214 0000F03F 		.word	1072693248
 161 0218 00000000 		.word	0
 162 021c 0000F03F 		.word	1072693248
 163 0220 00000000 		.word	0
 164 0224 00000000 		.word	0
 165 0228 00000000 		.word	0
 166 022c 0000F03F 		.word	1072693248
 167 0230 00000000 		.word	0
 168 0234 0000F03F 		.word	1072693248
 169 0238 00000000 		.word	0
 170 023c 0000F03F 		.word	1072693248
 171 0240 00000000 		.word	0
 172 0244 0000F03F 		.word	1072693248
 173 0248 00000000 		.word	0
 174 024c 0000F03F 		.word	1072693248
 175 0250 00000000 		.word	0
 176 0254 0000F03F 		.word	1072693248
 177 0258 00000000 		.word	0
 178 025c 00000000 		.word	0
 179 0260 00000000 		.word	0
 180 0264 0000F03F 		.word	1072693248
 181 0268 00000000 		.word	0
 182 026c 0000F03F 		.word	1072693248
 183 0270 00000000 		.word	0
 184 0274 0000F03F 		.word	1072693248
 185 0278 00000000 		.word	0
 186 027c 00000000 		.word	0
 187 0280 00000000 		.word	0
 188 0284 0000F03F 		.word	1072693248
 189 0288 00000000 		.word	0
 190 028c 0000F03F 		.word	1072693248
 191 0290 00000000 		.word	0
 192 0294 00000000 		.word	0
 193 0298 00000000 		.word	0
 194 029c 0000F03F 		.word	1072693248
 195 02a0 00000000 		.word	0
 196 02a4 0000F03F 		.word	1072693248
 197 02a8 00000000 		.word	0
 198 02ac 0000F03F 		.word	1072693248
 199 02b0 00000000 		.word	0
 200 02b4 0000F03F 		.word	1072693248
 201 02b8 00000000 		.word	0
 202 02bc 00000000 		.word	0
 203 02c0 00000000 		.word	0
 204 02c4 0000F03F 		.word	1072693248
 205 02c8 00000000 		.word	0
 206 02cc 0000F03F 		.word	1072693248
 207 02d0 00000000 		.word	0
 208 02d4 0000F03F 		.word	1072693248
 209 02d8 00000000 		.word	0
 210 02dc 00000000 		.word	0
 211 02e0 00000000 		.word	0
 212 02e4 0000F03F 		.word	1072693248
 213 02e8 00000000 		.word	0
 214 02ec 0000F03F 		.word	1072693248
 215 02f0 00000000 		.word	0
 216 02f4 0000F03F 		.word	1072693248
 217 02f8 00000000 		.word	0
 218 02fc 0000F03F 		.word	1072693248
 219 0300 00000000 		.word	0
 220 0304 00000000 		.word	0
 221 0308 00000000 		.word	0
 222 030c 0000F03F 		.word	1072693248
 223 0310 00000000 		.word	0
 224 0314 0000F03F 		.word	1072693248
 225 0318 00000000 		.word	0
 226 031c 00000000 		.word	0
 227 0320 00000000 		.word	0
 228 0324 0000F03F 		.word	1072693248
 229 0328 00000000 		.word	0
 230 032c 0000F03F 		.word	1072693248
 231 0330 00000000 		.word	0
 232 0334 0000F03F 		.word	1072693248
 233 0338 00000000 		.word	0
 234 033c 0000F03F 		.word	1072693248
 235 0340 00       		.byte	0
 236 0341 00       		.byte	0
 237 0342 01       		.byte	1
 238 0343 01       		.byte	1
 239 0344 01       		.byte	1
 240 0345 00       		.byte	0
 241 0346 01       		.byte	1
 242 0347 00       		.byte	0
 243 0348 01       		.byte	1
 244 0349 01       		.byte	1
 245 034a 00       		.byte	0
 246 034b 00       		.byte	0
 247 034c 00       		.byte	0
 248 034d 01       		.byte	1
 249 034e 00       		.byte	0
 250 034f 01       		.byte	1
 251              		.section	.rodata.rtConstB,"a",%progbits
 252              		.align	3
 255              	rtConstB:
 256 0000 00000000 		.word	0
 257 0004 00108340 		.word	1082331136
 258 0008 00000000 		.word	0
 259 000c 00408040 		.word	1082146816
 260 0010 00000000 		.word	0
 261 0014 00C06C40 		.word	1080868864
 262 0018 00000000 		.word	0
 263 001c 00805140 		.word	1079083008
 264 0020 00000000 		.word	0
 265 0024 00805640 		.word	1079410688
 266 0028 00000000 		.word	0
 267 002c 00004940 		.word	1078525952
 268 0030 00000000 		.word	0
 269 0034 00407F40 		.word	1082081280
 270 0038 00000000 		.word	0
 271 003c 00406A40 		.word	1080705024
 272 0040 00000000 		.word	0
 273 0044 2DB2BD3F 		.word	1069396525
 274 0048 00000000 		.word	0
 275 004c 00003040 		.word	1076887552
 276 0050 00000000 		.word	0
 277 0054 0000B03F 		.word	1068498944
 278 0058 00000000 		.word	0
 279 005c 00003040 		.word	1076887552
 280 0060 00000000 		.word	0
 281 0064 0000B03F 		.word	1068498944
 282 0068 00000000 		.word	0
 283 006c 00003040 		.word	1076887552
 284 0070 00000000 		.word	0
 285 0074 0000B03F 		.word	1068498944
 286 0078 00000000 		.word	0
 287 007c 00003040 		.word	1076887552
 288 0080 00000000 		.word	0
 289 0084 0000B03F 		.word	1068498944
 290 0088 00000000 		.word	0
 291 008c 0000C03F 		.word	1069547520
 292 0090 00000000 		.word	0
 293 0094 00002040 		.word	1075838976
 294 0098 00000000 		.word	0
 295 009c 0000C03F 		.word	1069547520
 296 00a0 00000000 		.word	0
 297 00a4 00002040 		.word	1075838976
 298 00a8 00000000 		.word	0
 299 00ac 0000C03F 		.word	1069547520
 300 00b0 00000000 		.word	0
 301 00b4 00002040 		.word	1075838976
 302 00b8 00000000 		.word	0
 303 00bc 0000C03F 		.word	1069547520
 304 00c0 00000000 		.word	0
 305 00c4 00002040 		.word	1075838976
 306 00c8 00000000 		.word	0
 307 00cc 00E07040 		.word	1081139200
 308 00d0 00000000 		.word	0
 309 00d4 00908040 		.word	1082167296
 310 00d8 00000000 		.word	0
 311 00dc 00805140 		.word	1079083008
 312 00e0 00000000 		.word	0
 313 00e4 00805640 		.word	1079410688
 314 00e8 00000000 		.word	0
 315 00ec 00806640 		.word	1080459264
 316 00f0 00000000 		.word	0
 317 00f4 00004940 		.word	1078525952
 318 00f8 00000000 		.word	0
 319 00fc 00C06C40 		.word	1080868864
 320 0100 00000000 		.word	0
 321 0104 00108340 		.word	1082331136
 322 0108 00000000 		.word	0
 323 010c 00006440 		.word	1080295424
 324 0110 00000000 		.word	0
 325 0114 00805140 		.word	1079083008
 326 0118 00000000 		.word	0
 327 011c 00805640 		.word	1079410688
 328 0120 00000000 		.word	0
 329 0124 00004940 		.word	1078525952
 330 0128 00000000 		.word	0
 331 012c 00806140 		.word	1080131584
 332 0130 00000000 		.word	0
 333 0134 0000903F 		.word	1066401792
 334 0138 00000000 		.word	0
 335 013c 00005040 		.word	1078984704
 336 0140 00000000 		.word	0
 337 0144 0000C03F 		.word	1069547520
 338 0148 00000000 		.word	0
 339 014c 00002040 		.word	1075838976
 340 0150 00000000 		.word	0
 341 0154 0000903F 		.word	1066401792
 342 0158 00000000 		.word	0
 343 015c 00005040 		.word	1078984704
 344 0160 00000000 		.word	0
 345 0164 00805B40 		.word	1079738368
 346 0168 00000000 		.word	0
 347 016c 00908040 		.word	1082167296
 348 0170 00000000 		.word	0
 349 0174 00805140 		.word	1079083008
 350 0178 00000000 		.word	0
 351 017c 00805640 		.word	1079410688
 352 0180 00000000 		.word	0
 353 0184 00004940 		.word	1078525952
 354 0188 00000000 		.word	0
 355 018c 00207240 		.word	1081221120
 356 0190 00000000 		.word	0
 357 0194 00406F40 		.word	1081032704
 358 0198 00000000 		.word	0
 359 019c 00E07040 		.word	1081139200
 360 01a0 00000000 		.word	0
 361 01a4 00708240 		.word	1082290176
 362 01a8 00000000 		.word	0
 363 01ac 00108340 		.word	1082331136
 364 01b0 00000000 		.word	0
 365 01b4 00807640 		.word	1081507840
 366 01b8 00000000 		.word	0
 367 01bc 00E07A40 		.word	1081794560
 368 01c0 00000000 		.word	0
 369 01c4 00408040 		.word	1082146816
 370 01c8 00000000 		.word	0
 371 01cc 00C06C40 		.word	1080868864
 372 01d0 00000000 		.word	0
 373 01d4 00006440 		.word	1080295424
 374 01d8 00000000 		.word	0
 375 01dc 00805140 		.word	1079083008
 376 01e0 00000000 		.word	0
 377 01e4 00207C40 		.word	1081876480
 378 01e8 00000000 		.word	0
 379 01ec 00805640 		.word	1079410688
 380 01f0 00000000 		.word	0
 381 01f4 00004940 		.word	1078525952
 382 01f8 00000000 		.word	0
 383 01fc 00207740 		.word	1081548800
 384 0200 00000000 		.word	0
 385 0204 00A07940 		.word	1081712640
 386 0208 00000000 		.word	0
 387 020c 00407F40 		.word	1082081280
 388 0210 00000000 		.word	0
 389 0214 00406A40 		.word	1080705024
 390 0218 00000000 		.word	0
 391 021c 00806140 		.word	1080131584
 392 0220 00000000 		.word	0
 393 0224 00D08140 		.word	1082249216
 394 0228 00000000 		.word	0
 395 022c 0000F03F 		.word	1072693248
 396 0230 00000000 		.word	0
 397 0234 0000F03F 		.word	1072693248
 398 0238 00000000 		.word	0
 399 023c 0000F03F 		.word	1072693248
 400 0240 00000000 		.word	0
 401 0244 0000F03F 		.word	1072693248
 402 0248 00000000 		.word	0
 403 024c 0000F03F 		.word	1072693248
 404 0250 00000000 		.word	0
 405 0254 0000F03F 		.word	1072693248
 406 0258 00000000 		.word	0
 407 025c 0000F03F 		.word	1072693248
 408 0260 00000000 		.word	0
 409 0264 0000F03F 		.word	1072693248
 410 0268 00000000 		.word	0
 411 026c 0000F03F 		.word	1072693248
 412 0270 00000000 		.word	0
 413 0274 0000F03F 		.word	1072693248
 414 0278 00000000 		.word	0
 415 027c 0000F03F 		.word	1072693248
 416 0280 00000000 		.word	0
 417 0284 0000F03F 		.word	1072693248
 418 0288 00000000 		.word	0
 419 028c 0000F03F 		.word	1072693248
 420 0290 00000000 		.word	0
 421 0294 0000F03F 		.word	1072693248
 422 0298 00000000 		.word	0
 423 029c 0000F03F 		.word	1072693248
 424 02a0 00000000 		.word	0
 425 02a4 0000F03F 		.word	1072693248
 426 02a8 00000000 		.word	0
 427 02ac 0000F03F 		.word	1072693248
 428 02b0 00000000 		.word	0
 429 02b4 0000F03F 		.word	1072693248
 430 02b8 00000000 		.word	0
 431 02bc 0000F03F 		.word	1072693248
 432 02c0 00000000 		.word	0
 433 02c4 0000F03F 		.word	1072693248
 434 02c8 00000000 		.word	0
 435 02cc 0000F03F 		.word	1072693248
 436 02d0 00000000 		.word	0
 437 02d4 0000F03F 		.word	1072693248
 438 02d8 00000000 		.word	0
 439 02dc 0000F03F 		.word	1072693248
 440 02e0 00000000 		.word	0
 441 02e4 0000F03F 		.word	1072693248
 442 02e8 00000000 		.word	0
 443 02ec 00003040 		.word	1076887552
 444 02f0 00000000 		.word	0
 445 02f4 0000B03F 		.word	1068498944
 446 02f8 00000000 		.word	0
 447 02fc 00003040 		.word	1076887552
 448 0300 00000000 		.word	0
 449 0304 0000B03F 		.word	1068498944
 450 0308 00000000 		.word	0
 451 030c 00003040 		.word	1076887552
 452 0310 00000000 		.word	0
 453 0314 0000B03F 		.word	1068498944
 454 0318 00000000 		.word	0
 455 031c 00003040 		.word	1076887552
 456 0320 00000000 		.word	0
 457 0324 0000B03F 		.word	1068498944
 458 0328 00000000 		.word	0
 459 032c 00003040 		.word	1076887552
 460 0330 00000000 		.word	0
 461 0334 0000B03F 		.word	1068498944
 462 0338 00000000 		.word	0
 463 033c 00003040 		.word	1076887552
 464 0340 00000000 		.word	0
 465 0344 0000B03F 		.word	1068498944
 466 0348 00000000 		.word	0
 467 034c 00003040 		.word	1076887552
 468 0350 00000000 		.word	0
 469 0354 0000B03F 		.word	1068498944
 470 0358 00000000 		.word	0
 471 035c 00003040 		.word	1076887552
 472 0360 00000000 		.word	0
 473 0364 0000B03F 		.word	1068498944
 474 0368 00000000 		.word	0
 475 036c 00005040 		.word	1078984704
 476 0370 00000000 		.word	0
 477 0374 0000903F 		.word	1066401792
 478 0378 00000000 		.word	0
 479 037c 00005040 		.word	1078984704
 480 0380 00000000 		.word	0
 481 0384 0000903F 		.word	1066401792
 482 0388 00000000 		.word	0
 483 038c 00002040 		.word	1075838976
 484 0390 00000000 		.word	0
 485 0394 0000C03F 		.word	1069547520
 486 0398 00000000 		.word	0
 487 039c 00002040 		.word	1075838976
 488 03a0 00000000 		.word	0
 489 03a4 0000C03F 		.word	1069547520
 490 03a8 00000000 		.word	0
 491 03ac 00002040 		.word	1075838976
 492 03b0 00000000 		.word	0
 493 03b4 0000C03F 		.word	1069547520
 494 03b8 00000000 		.word	0
 495 03bc 00002040 		.word	1075838976
 496 03c0 00000000 		.word	0
 497 03c4 0000C03F 		.word	1069547520
 498 03c8 00000000 		.word	0
 499 03cc 00002040 		.word	1075838976
 500 03d0 00000000 		.word	0
 501 03d4 0000C03F 		.word	1069547520
 502 03d8 00000000 		.word	0
 503 03dc 2DB2BD3F 		.word	1069396525
 504 03e0 00000000 		.word	0
 505 03e4 0000903F 		.word	1066401792
 506 03e8 00000000 		.word	0
 507 03ec 00005040 		.word	1078984704
 508 03f0 00000000 		.word	0
 509 03f4 0000C03F 		.word	1069547520
 510 03f8 00000000 		.word	0
 511 03fc 00002040 		.word	1075838976
 512 0400 00000000 		.word	0
 513 0404 0000903F 		.word	1066401792
 514 0408 00000000 		.word	0
 515 040c 00005040 		.word	1078984704
 516 0410 00000000 		.word	0
 517 0414 0000B03F 		.word	1068498944
 518 0418 00000000 		.word	0
 519 041c 00003040 		.word	1076887552
 520 0420 00000000 		.word	0
 521 0424 0000B03F 		.word	1068498944
 522 0428 00000000 		.word	0
 523 042c 00003040 		.word	1076887552
 524 0430 00000000 		.word	0
 525 0434 0000B03F 		.word	1068498944
 526 0438 00000000 		.word	0
 527 043c 00003040 		.word	1076887552
 528 0440 00000000 		.word	0
 529 0444 0000B03F 		.word	1068498944
 530 0448 00000000 		.word	0
 531 044c 00003040 		.word	1076887552
 532 0450 00000000 		.word	0
 533 0454 0000B03F 		.word	1068498944
 534 0458 00000000 		.word	0
 535 045c 00003040 		.word	1076887552
 536 0460 00000000 		.word	0
 537 0464 0000B03F 		.word	1068498944
 538 0468 00000000 		.word	0
 539 046c 00003040 		.word	1076887552
 540 0470 00000000 		.word	0
 541 0474 0000B03F 		.word	1068498944
 542 0478 00000000 		.word	0
 543 047c 00003040 		.word	1076887552
 544 0480 00000000 		.word	0
 545 0484 0000B03F 		.word	1068498944
 546 0488 00000000 		.word	0
 547 048c 00003040 		.word	1076887552
 548 0490 00000000 		.word	0
 549 0494 0000B03F 		.word	1068498944
 550 0498 00000000 		.word	0
 551 049c 00003040 		.word	1076887552
 552 04a0 00000000 		.word	0
 553 04a4 0000B03F 		.word	1068498944
 554 04a8 00000000 		.word	0
 555 04ac 00003040 		.word	1076887552
 556 04b0 00000000 		.word	0
 557 04b4 0000B03F 		.word	1068498944
 558 04b8 00000000 		.word	0
 559 04bc 00003040 		.word	1076887552
 560 04c0 00000000 		.word	0
 561 04c4 0000B03F 		.word	1068498944
 562 04c8 00000000 		.word	0
 563 04cc 00003040 		.word	1076887552
 564 04d0 00000000 		.word	0
 565 04d4 00A07E40 		.word	1082040320
 566 04d8 00000000 		.word	0
 567 04dc 00E07F40 		.word	1082122240
 568 04e0 00000000 		.word	0
 569 04e4 00308140 		.word	1082208256
 570 04e8 00000000 		.word	0
 571 04ec 00908040 		.word	1082167296
 572 04f0 00000000 		.word	0
 573 04f4 00805140 		.word	1079083008
 574 04f8 00000000 		.word	0
 575 04fc 00805640 		.word	1079410688
 576 0500 00000000 		.word	0
 577 0504 00805B40 		.word	1079738368
 578 0508 00000000 		.word	0
 579 050c 00006940 		.word	1080623104
 580 0510 00000000 		.word	0
 581 0514 00806640 		.word	1080459264
 582 0518 00000000 		.word	0
 583 051c 00207240 		.word	1081221120
 584 0520 00000000 		.word	0
 585 0524 00E07040 		.word	1081139200
 586 0528 00000000 		.word	0
 587 052c 00C07740 		.word	1081589760
 588 0530 00000000 		.word	0
 589 0534 00807640 		.word	1081507840
 590 0538 00000000 		.word	0
 591 053c 00607D40 		.word	1081958400
 592 0540 00000000 		.word	0
 593 0544 00207C40 		.word	1081876480
 594 0548 00000000 		.word	0
 595 054c 00004940 		.word	1078525952
 596 0550 00000000 		.word	0
 597 0554 00E07A40 		.word	1081794560
 598 0558 00000000 		.word	0
 599 055c 00006440 		.word	1080295424
 600 0560 00000000 		.word	0
 601 0564 00406F40 		.word	1081032704
 602 0568 00000000 		.word	0
 603 056c 00407540 		.word	1081425920
 604 0570 00000000 		.word	0
 605 0574 0000F03F 		.word	1072693248
 606 0578 0000     		.short	0
 607 057a 00       		.byte	0
 608 057b 00       		.byte	0
 609 057c 00       		.byte	0
 610 057d 00       		.byte	0
 611 057e 00       		.byte	0
 612 057f 00       		.byte	0
 613 0580 00       		.byte	0
 614 0581 00       		.byte	0
 615 0582 00       		.byte	0
 616 0583 00       		.byte	0
 617 0584 00       		.byte	0
 618 0585 00       		.byte	0
 619 0586 00       		.byte	0
 620 0587 00       		.byte	0
 621 0588 00       		.byte	0
 622 0589 00       		.byte	0
 623 058a 00       		.byte	0
 624 058b 00       		.byte	0
 625 058c 00       		.byte	0
 626 058d 00       		.byte	0
 627 058e 00       		.byte	0
 628 058f 00       		.byte	0
 629 0590 00       		.byte	0
 630 0591 00       		.byte	0
 631 0592 00       		.byte	0
 632 0593 00       		.byte	0
 633 0594 00       		.byte	0
 634 0595 00       		.byte	0
 635 0596 00       		.byte	0
 636 0597 01       		.byte	1
 637 0598 00       		.byte	0
 638 0599 00       		.byte	0
 639 059a 01       		.byte	1
 640 059b 00       		.space	1
 641 059c 01000000 		.word	1
 642 05a0 01000000 		.word	1
 643 05a4 01000000 		.word	1
 644 05a8 01000000 		.word	1
 645 05ac 00       		.byte	0
 646 05ad 00       		.byte	0
 647 05ae 00       		.byte	0
 648 05af 00       		.byte	0
 649 05b0 16000000 		.word	22
 650 05b4 16000000 		.word	22
 651 05b8 16000000 		.word	22
 652 05bc 16000000 		.word	22
 653 05c0 00       		.byte	0
 654 05c1 00       		.byte	0
 655 05c2 00       		.byte	0
 656 05c3 00       		.byte	0
 657 05c4 19000000 		.word	25
 658 05c8 19000000 		.word	25
 659 05cc 19000000 		.word	25
 660 05d0 19000000 		.word	25
 661 05d4 00       		.byte	0
 662 05d5 00       		.byte	0
 663 05d6 00       		.byte	0
 664 05d7 00       		.byte	0
 665 05d8 00       		.byte	0
 666 05d9 00       		.byte	0
 667 05da 01       		.byte	1
 668 05db 00       		.space	1
 669 05dc 01000000 		.word	1
 670 05e0 01000000 		.word	1
 671 05e4 01000000 		.word	1
 672 05e8 01000000 		.word	1
 673 05ec 00       		.byte	0
 674 05ed 00       		.byte	0
 675 05ee 00       		.byte	0
 676 05ef 00       		.byte	0
 677 05f0 01000000 		.word	1
 678 05f4 01000000 		.word	1
 679 05f8 01000000 		.word	1
 680 05fc 01000000 		.word	1
 681 0600 00       		.byte	0
 682 0601 00       		.byte	0
 683 0602 00       		.byte	0
 684 0603 00       		.byte	0
 685 0604 15000000 		.word	21
 686 0608 15000000 		.word	21
 687 060c 15000000 		.word	21
 688 0610 15000000 		.word	21
 689 0614 00       		.byte	0
 690 0615 00       		.byte	0
 691 0616 00       		.byte	0
 692 0617 00       		.byte	0
 693 0618 00       		.byte	0
 694 0619 00       		.byte	0
 695 061a 01       		.byte	1
 696 061b 00       		.space	1
 697 061c 01000000 		.word	1
 698 0620 01000000 		.word	1
 699 0624 01000000 		.word	1
 700 0628 01000000 		.word	1
 701 062c 00       		.byte	0
 702 062d 00       		.byte	0
 703 062e 00       		.byte	0
 704 062f 00       		.byte	0
 705 0630 01000000 		.word	1
 706 0634 01000000 		.word	1
 707 0638 01000000 		.word	1
 708 063c 01000000 		.word	1
 709 0640 00       		.byte	0
 710 0641 00       		.byte	0
 711 0642 00       		.byte	0
 712 0643 00       		.byte	0
 713 0644 15000000 		.word	21
 714 0648 15000000 		.word	21
 715 064c 15000000 		.word	21
 716 0650 15000000 		.word	21
 717 0654 00       		.byte	0
 718 0655 00       		.byte	0
 719 0656 00       		.byte	0
 720 0657 00       		.byte	0
 721 0658 16000000 		.word	22
 722 065c 16000000 		.word	22
 723 0660 16000000 		.word	22
 724 0664 16000000 		.word	22
 725 0668 00       		.byte	0
 726 0669 00       		.byte	0
 727 066a 00       		.byte	0
 728 066b 00       		.byte	0
 729 066c 19000000 		.word	25
 730 0670 19000000 		.word	25
 731 0674 19000000 		.word	25
 732 0678 19000000 		.word	25
 733 067c 00       		.byte	0
 734 067d 00       		.byte	0
 735 067e 00       		.byte	0
 736 067f 00       		.byte	0
 737 0680 18000000 		.word	24
 738 0684 18000000 		.word	24
 739 0688 18000000 		.word	24
 740 068c 18000000 		.word	24
 741 0690 00       		.byte	0
 742 0691 00       		.byte	0
 743 0692 00       		.byte	0
 744 0693 00       		.byte	0
 745 0694 17000000 		.word	23
 746 0698 17000000 		.word	23
 747 069c 17000000 		.word	23
 748 06a0 17000000 		.word	23
 749 06a4 00       		.byte	0
 750 06a5 00       		.byte	0
 751 06a6 00       		.byte	0
 752 06a7 00       		.byte	0
 753 06a8 1F000000 		.word	31
 754 06ac 1F000000 		.word	31
 755 06b0 1F000000 		.word	31
 756 06b4 1F000000 		.word	31
 757 06b8 00       		.byte	0
 758 06b9 00       		.byte	0
 759 06ba 00       		.byte	0
 760 06bb 00       		.byte	0
 761 06bc 0E000000 		.word	14
 762 06c0 0E000000 		.word	14
 763 06c4 0E000000 		.word	14
 764 06c8 0E000000 		.word	14
 765 06cc 00       		.byte	0
 766 06cd 00       		.byte	0
 767 06ce 00       		.byte	0
 768 06cf 00       		.byte	0
 769 06d0 0D000000 		.word	13
 770 06d4 0D000000 		.word	13
 771 06d8 0D000000 		.word	13
 772 06dc 0D000000 		.word	13
 773 06e0 00       		.byte	0
 774 06e1 00       		.byte	0
 775 06e2 00       		.byte	0
 776 06e3 00       		.byte	0
 777 06e4 0C000000 		.word	12
 778 06e8 0C000000 		.word	12
 779 06ec 0C000000 		.word	12
 780 06f0 0C000000 		.word	12
 781 06f4 00       		.byte	0
 782 06f5 00       		.byte	0
 783 06f6 00       		.byte	0
 784 06f7 00       		.byte	0
 785 06f8 0B000000 		.word	11
 786 06fc 0B000000 		.word	11
 787 0700 0B000000 		.word	11
 788 0704 0B000000 		.word	11
 789 0708 00       		.byte	0
 790 0709 00       		.byte	0
 791 070a 00       		.byte	0
 792 070b 00       		.byte	0
 793 070c 01000000 		.word	1
 794 0710 01000000 		.word	1
 795 0714 01000000 		.word	1
 796 0718 01000000 		.word	1
 797 071c 00       		.byte	0
 798 071d 00       		.byte	0
 799 071e 00       		.byte	0
 800 071f 00       		.byte	0
 801              		.text
 802              	.Letext0:
 803              		.file 1 "c:\\program files (x86)\\gnu tools arm embedded\\5.4 2016q2\\arm-none-eabi\\include\\mach
 804              		.file 2 "rtwtypes.h"
 805              		.file 3 "c:\\program files (x86)\\gnu tools arm embedded\\5.4 2016q2\\arm-none-eabi\\include\\sys\
 806              		.file 4 "HANcoder_E407_TTA_Group2.h"
 807              		.file 5 "../blockset/rtw/STM32/inc/STM32_E407/core_cm4.h"
 808              		.file 6 "HANcoder_E407_TTA_Group2_data.c"
DEFINED SYMBOLS
                            *ABS*:00000000 HANcoder_E407_TTA_Group2_data.c
C:\Users\cheff\AppData\Local\Temp\ccNUIImF.s:26     .rodata.rtConstP:00000000 rtConstP
C:\Users\cheff\AppData\Local\Temp\ccNUIImF.s:255    .rodata.rtConstB:00000000 rtConstB
C:\Users\cheff\AppData\Local\Temp\ccNUIImF.s:23     .rodata.rtConstP:00000000 $d
C:\Users\cheff\AppData\Local\Temp\ccNUIImF.s:252    .rodata.rtConstB:00000000 $d

NO UNDEFINED SYMBOLS
