   1              		.syntax unified
   2              		.cpu cortex-m4
   3              		.eabi_attribute 27, 1
   4              		.fpu fpv4-sp-d16
   5              		.eabi_attribute 20, 1
   6              		.eabi_attribute 21, 1
   7              		.eabi_attribute 23, 3
   8              		.eabi_attribute 24, 1
   9              		.eabi_attribute 25, 1
  10              		.eabi_attribute 26, 1
  11              		.eabi_attribute 30, 2
  12              		.eabi_attribute 34, 1
  13              		.eabi_attribute 18, 4
  14              		.thumb
  15              		.syntax unified
  16              		.file	"HANcoder_E407_TTA_Template_data.c"
  17              		.text
  18              	.Ltext0:
  19              		.cfi_sections	.debug_frame
  20              		.global	rtConstP
  21              		.global	rtConstB
  22              		.section	.rodata.rtConstP,"a",%progbits
  23              		.align	3
  26              	rtConstP:
  27 0000 00000000 		.word	0
  28 0004 00000000 		.word	0
  29 0008 00000000 		.word	0
  30 000c 00004440 		.word	1078198272
  31 0010 00000000 		.word	0
  32 0014 00004640 		.word	1078329344
  33 0018 00000000 		.word	0
  34 001c 00004740 		.word	1078394880
  35 0020 00000000 		.word	0
  36 0024 00004840 		.word	1078460416
  37 0028 00000000 		.word	0
  38 002c 00004940 		.word	1078525952
  39 0030 00000000 		.word	0
  40 0034 00004A40 		.word	1078591488
  41 0038 00000000 		.word	0
  42 003c 00005740 		.word	1079443456
  43 0040 00000000 		.word	0
  44 0044 00005840 		.word	1079508992
  45 0048 00000000 		.word	0
  46 004c 00005940 		.word	1079574528
  47 0050 00000000 		.word	0
  48 0054 00806140 		.word	1080131584
  49 0058 00000000 		.word	0
  50 005c 00C06140 		.word	1080147968
  51 0060 00000000 		.word	0
  52 0064 00006240 		.word	1080164352
  53 0068 00000000 		.word	0
  54 006c 00806240 		.word	1080197120
  55 0070 00000000 		.word	0
  56 0074 00806740 		.word	1080524800
  57 0078 00000000 		.word	0
  58 007c 00006840 		.word	1080557568
  59 0080 00000000 		.word	0
  60 0084 00806840 		.word	1080590336
  61 0088 00000000 		.word	0
  62 008c 00006940 		.word	1080623104
  63 0090 00000000 		.word	0
  64 0094 00806940 		.word	1080655872
  65 0098 00000000 		.word	0
  66 009c 00006A40 		.word	1080688640
  67 00a0 00000000 		.word	0
  68 00a4 00000000 		.word	0
  69 00a8 00000000 		.word	0
  70 00ac 00004440 		.word	1078198272
  71 00b0 00000000 		.word	0
  72 00b4 00004640 		.word	1078329344
  73 00b8 00000000 		.word	0
  74 00bc 00004740 		.word	1078394880
  75 00c0 00000000 		.word	0
  76 00c4 00006940 		.word	1080623104
  77 00c8 00000000 		.word	0
  78 00cc 00406940 		.word	1080639488
  79 00d0 00000000 		.word	0
  80 00d4 00000000 		.word	0
  81 00d8 00000000 		.word	0
  82 00dc 0000F03F 		.word	1072693248
  83 00e0 00000000 		.word	0
  84 00e4 0000F03F 		.word	1072693248
  85 00e8 00000000 		.word	0
  86 00ec 0000F03F 		.word	1072693248
  87 00f0 00000000 		.word	0
  88 00f4 0000F03F 		.word	1072693248
  89 00f8 00000000 		.word	0
  90 00fc 0000F03F 		.word	1072693248
  91 0100 00000000 		.word	0
  92 0104 00000000 		.word	0
  93 0108 00000000 		.word	0
  94 010c 0000F03F 		.word	1072693248
  95 0110 00000000 		.word	0
  96 0114 0000F03F 		.word	1072693248
  97 0118 00000000 		.word	0
  98 011c 00000000 		.word	0
  99 0120 00000000 		.word	0
 100 0124 0000F03F 		.word	1072693248
 101 0128 00000000 		.word	0
 102 012c 0000F03F 		.word	1072693248
 103 0130 00000000 		.word	0
 104 0134 0000F03F 		.word	1072693248
 105 0138 00000000 		.word	0
 106 013c 00000000 		.word	0
 107 0140 00000000 		.word	0
 108 0144 0000F03F 		.word	1072693248
 109 0148 00000000 		.word	0
 110 014c 0000F03F 		.word	1072693248
 111 0150 00000000 		.word	0
 112 0154 0000F03F 		.word	1072693248
 113 0158 00000000 		.word	0
 114 015c 0000F03F 		.word	1072693248
 115 0160 00000000 		.word	0
 116 0164 0000F03F 		.word	1072693248
 117 0168 00000000 		.word	0
 118 016c 0000F03F 		.word	1072693248
 119 0170 00000000 		.word	0
 120 0174 00000000 		.word	0
 121 0178 00000000 		.word	0
 122 017c 0000F03F 		.word	1072693248
 123 0180 00000000 		.word	0
 124 0184 0000F03F 		.word	1072693248
 125 0188 00000000 		.word	0
 126 018c 0000F03F 		.word	1072693248
 127 0190 00000000 		.word	0
 128 0194 0000F03F 		.word	1072693248
 129 0198 00000000 		.word	0
 130 019c 0000F03F 		.word	1072693248
 131 01a0 00       		.byte	0
 132 01a1 00       		.byte	0
 133 01a2 01       		.byte	1
 134 01a3 01       		.byte	1
 135 01a4 01       		.byte	1
 136 01a5 00       		.byte	0
 137 01a6 01       		.byte	1
 138 01a7 00       		.byte	0
 139 01a8 01       		.byte	1
 140 01a9 01       		.byte	1
 141 01aa 00       		.byte	0
 142 01ab 00       		.byte	0
 143 01ac 00       		.byte	0
 144 01ad 01       		.byte	1
 145 01ae 00       		.byte	0
 146 01af 01       		.byte	1
 147              		.section	.rodata.rtConstB,"a",%progbits
 148              		.align	3
 151              	rtConstB:
 152 0000 00000000 		.word	0
 153 0004 00806940 		.word	1080655872
 154 0008 00000000 		.word	0
 155 000c 00004640 		.word	1078329344
 156 0010 00000000 		.word	0
 157 0014 00004840 		.word	1078460416
 158 0018 00000000 		.word	0
 159 001c 00004440 		.word	1078198272
 160 0020 00000000 		.word	0
 161 0024 00006940 		.word	1080623104
 162 0028 00000000 		.word	0
 163 002c 00806940 		.word	1080655872
 164 0030 00000000 		.word	0
 165 0034 00806A40 		.word	1080721408
 166 0038 00000000 		.word	0
 167 003c 00006A40 		.word	1080688640
 168 0040 00000000 		.word	0
 169 0044 00004640 		.word	1078329344
 170 0048 00000000 		.word	0
 171 004c 00004840 		.word	1078460416
 172 0050 00000000 		.word	0
 173 0054 00004A40 		.word	1078591488
 174 0058 00000000 		.word	0
 175 005c 00005940 		.word	1079574528
 176 0060 00000000 		.word	0
 177 0064 00005840 		.word	1079508992
 178 0068 00000000 		.word	0
 179 006c 00806240 		.word	1080197120
 180 0070 00000000 		.word	0
 181 0074 00006240 		.word	1080164352
 182 0078 00000000 		.word	0
 183 007c 00806840 		.word	1080590336
 184 0080 00000000 		.word	0
 185 0084 00006840 		.word	1080557568
 186 0088 00000000 		.word	0
 187 008c 00004440 		.word	1078198272
 188 0090 00000000 		.word	0
 189 0094 00806740 		.word	1080524800
 190 0098 00000000 		.word	0
 191 009c 00005740 		.word	1079443456
 192 00a0 00000000 		.word	0
 193 00a4 00806140 		.word	1080131584
 194 00a8 00000000 		.word	0
 195 00ac 0000F03F 		.word	1072693248
 196 00b0 0000     		.short	0
 197 00b2 00       		.byte	0
 198 00b3 00       		.byte	0
 199 00b4 00       		.byte	0
 200 00b5 00       		.byte	0
 201 00b6 00       		.byte	0
 202 00b7 01       		.byte	1
 203 00b8 01000000 		.word	1
 204 00bc 01000000 		.word	1
 205 00c0 01000000 		.word	1
 206 00c4 01000000 		.word	1
 207 00c8 00       		.byte	0
 208 00c9 00       		.byte	0
 209 00ca 00       		.byte	0
 210 00cb 00       		.byte	0
 211 00cc 0D000000 		.word	13
 212 00d0 0D000000 		.word	13
 213 00d4 0D000000 		.word	13
 214 00d8 0D000000 		.word	13
 215 00dc 00       		.byte	0
 216 00dd 00       		.byte	0
 217 00de 00       		.byte	0
 218 00df 00       		.byte	0
 219 00e0 0C000000 		.word	12
 220 00e4 0C000000 		.word	12
 221 00e8 0C000000 		.word	12
 222 00ec 0C000000 		.word	12
 223 00f0 00       		.byte	0
 224 00f1 00       		.byte	0
 225 00f2 00       		.byte	0
 226 00f3 00       		.byte	0
 227 00f4 0B000000 		.word	11
 228 00f8 0B000000 		.word	11
 229 00fc 0B000000 		.word	11
 230 0100 0B000000 		.word	11
 231 0104 00       		.byte	0
 232 0105 00       		.byte	0
 233 0106 00       		.byte	0
 234 0107 00       		.byte	0
 235 0108 01000000 		.word	1
 236 010c 01000000 		.word	1
 237 0110 01000000 		.word	1
 238 0114 01000000 		.word	1
 239 0118 00       		.byte	0
 240 0119 00       		.byte	0
 241 011a 00       		.byte	0
 242 011b 00       		.byte	0
 243 011c 00000000 		.space	4
 244              		.text
 245              	.Letext0:
 246              		.file 1 "c:\\program files (x86)\\gnu tools arm embedded\\5.4 2016q2\\arm-none-eabi\\include\\mach
 247              		.file 2 "rtwtypes.h"
 248              		.file 3 "c:\\program files (x86)\\gnu tools arm embedded\\5.4 2016q2\\arm-none-eabi\\include\\sys\
 249              		.file 4 "HANcoder_E407_TTA_Template.h"
 250              		.file 5 "../blockset/rtw/STM32/inc/STM32_E407/core_cm4.h"
 251              		.file 6 "HANcoder_E407_TTA_Template_data.c"
DEFINED SYMBOLS
                            *ABS*:00000000 HANcoder_E407_TTA_Template_data.c
C:\Users\cheff\AppData\Local\Temp\ccfl792z.s:26     .rodata.rtConstP:00000000 rtConstP
C:\Users\cheff\AppData\Local\Temp\ccfl792z.s:151    .rodata.rtConstB:00000000 rtConstB
C:\Users\cheff\AppData\Local\Temp\ccfl792z.s:23     .rodata.rtConstP:00000000 $d
C:\Users\cheff\AppData\Local\Temp\ccfl792z.s:148    .rodata.rtConstB:00000000 $d

NO UNDEFINED SYMBOLS
